<?xml version="1.0" encoding="UTF-8"?>
<testsuite name="org.example.RoberTest" tests="6" skipped="0" failures="0" errors="0" timestamp="2023-09-07T17:10:52" hostname="Jorges-MacBook-Pro.local" time="0.015">
  <properties/>
  <testcase name="canFoldThePlateau()" classname="org.example.RoberTest" time="0.01"/>
  <testcase name="canMoveOneForwardStep()" classname="org.example.RoberTest" time="0.0"/>
  <testcase name="canRotateLeft()" classname="org.example.RoberTest" time="0.001"/>
  <testcase name="canMakeMoreMovements()" classname="org.example.RoberTest" time="0.001"/>
  <testcase name="canRotateRight()" classname="org.example.RoberTest" time="0.0"/>
  <testcase name="canRotateAndMove()" classname="org.example.RoberTest" time="0.0"/>
  <system-out><![CDATA[]]></system-out>
  <system-err><![CDATA[]]></system-err>
</testsuite>
